#### BEGIN XML ####
<?xml version="1.0" encoding="ISO-8859-1"?>
<virtual_experiment pid='DeterTest' eid='smokeGS'>
  <virt_nodes>
    <row>
      <vname>control</vname>
      <type>pc</type>
      <ips></ips>
      <osname>Ubuntu1404-64-STD</osname>
      <cmd_line></cmd_line>
      <rpms></rpms>
      <startupcmd></startupcmd>
      <tarfiles></tarfiles>
      <failureaction>nonfatal</failureaction>
      <routertype>static</routertype>
      <fixed></fixed>
      <plab_plcnet>none</plab_plcnet>
    </row>
  </virt_nodes>
  <virt_agents>
    <row>
      <vnode>control</vnode>
      <vname>control</vname>
      <objecttype>10</objecttype>
    </row>
  </virt_agents>
  <virt_nodes>
    <row>
      <vname>crypto1</vname>
      <type>MicroCloud</type>
      <ips>0:10.1.3.3 1:10.1.1.3</ips>
      <osname>Ubuntu1404-64-STD</osname>
      <cmd_line></cmd_line>
      <rpms></rpms>
      <startupcmd></startupcmd>
      <tarfiles></tarfiles>
      <failureaction>nonfatal</failureaction>
      <routertype>static</routertype>
      <fixed></fixed>
      <plab_plcnet>none</plab_plcnet>
    </row>
  </virt_nodes>
  <virt_agents>
    <row>
      <vnode>crypto1</vnode>
      <vname>crypto1</vname>
      <objecttype>10</objecttype>
    </row>
  </virt_agents>
  <virt_nodes>
    <row>
      <vname>crypto2</vname>
      <type>MicroCloud</type>
      <ips>0:10.1.9.3 1:10.1.8.2</ips>
      <osname>Ubuntu1404-64-STD</osname>
      <cmd_line></cmd_line>
      <rpms></rpms>
      <startupcmd></startupcmd>
      <tarfiles></tarfiles>
      <failureaction>nonfatal</failureaction>
      <routertype>static</routertype>
      <fixed></fixed>
      <plab_plcnet>none</plab_plcnet>
    </row>
  </virt_nodes>
  <virt_agents>
    <row>
      <vnode>crypto2</vnode>
      <vname>crypto2</vname>
      <objecttype>10</objecttype>
    </row>
  </virt_agents>
  <virt_nodes>
    <row>
      <vname>crypto3</vname>
      <type>MicroCloud</type>
      <ips>0:10.1.5.2 1:10.1.7.3</ips>
      <osname>Ubuntu1404-64-STD</osname>
      <cmd_line></cmd_line>
      <rpms></rpms>
      <startupcmd></startupcmd>
      <tarfiles></tarfiles>
      <failureaction>nonfatal</failureaction>
      <routertype>static</routertype>
      <fixed></fixed>
      <plab_plcnet>none</plab_plcnet>
    </row>
  </virt_nodes>
  <virt_agents>
    <row>
      <vnode>crypto3</vnode>
      <vname>crypto3</vname>
      <objecttype>10</objecttype>
    </row>
  </virt_agents>
  <virt_nodes>
    <row>
      <vname>ct1</vname>
      <type>MicroCloud</type>
      <ips>0:10.1.3.2 1:10.1.6.2</ips>
      <osname>Ubuntu1404-64-STD</osname>
      <cmd_line></cmd_line>
      <rpms></rpms>
      <startupcmd></startupcmd>
      <tarfiles></tarfiles>
      <failureaction>nonfatal</failureaction>
      <routertype>static</routertype>
      <fixed></fixed>
      <plab_plcnet>none</plab_plcnet>
    </row>
  </virt_nodes>
  <virt_agents>
    <row>
      <vnode>ct1</vnode>
      <vname>ct1</vname>
      <objecttype>10</objecttype>
    </row>
  </virt_agents>
  <virt_nodes>
    <row>
      <vname>ct2</vname>
      <type>MicroCloud</type>
      <ips>0:10.1.9.2 1:10.1.4.2</ips>
      <osname>Ubuntu1404-64-STD</osname>
      <cmd_line></cmd_line>
      <rpms></rpms>
      <startupcmd></startupcmd>
      <tarfiles></tarfiles>
      <failureaction>nonfatal</failureaction>
      <routertype>static</routertype>
      <fixed></fixed>
      <plab_plcnet>none</plab_plcnet>
    </row>
  </virt_nodes>
  <virt_agents>
    <row>
      <vnode>ct2</vnode>
      <vname>ct2</vname>
      <objecttype>10</objecttype>
    </row>
  </virt_agents>
  <virt_nodes>
    <row>
      <vname>ct3</vname>
      <type>MicroCloud</type>
      <ips>0:10.1.7.2 1:10.1.2.2</ips>
      <osname>Ubuntu1404-64-STD</osname>
      <cmd_line></cmd_line>
      <rpms></rpms>
      <startupcmd></startupcmd>
      <tarfiles></tarfiles>
      <failureaction>nonfatal</failureaction>
      <routertype>static</routertype>
      <fixed></fixed>
      <plab_plcnet>none</plab_plcnet>
    </row>
  </virt_nodes>
  <virt_agents>
    <row>
      <vnode>ct3</vnode>
      <vname>ct3</vname>
      <objecttype>10</objecttype>
    </row>
  </virt_agents>
  <virt_nodes>
    <row>
      <vname>pnode-0004</vname>
      <type>container0</type>
      <ips>0:10.1.4.3</ips>
      <osname>UB1404-64-STD-openvz</osname>
      <cmd_line></cmd_line>
      <rpms></rpms>
      <startupcmd></startupcmd>
      <tarfiles></tarfiles>
      <failureaction>nonfatal</failureaction>
      <routertype>static</routertype>
      <fixed></fixed>
      <plab_plcnet>none</plab_plcnet>
    </row>
  </virt_nodes>
  <virt_agents>
    <row>
      <vnode>pnode-0004</vnode>
      <vname>pnode-0004</vname>
      <objecttype>10</objecttype>
    </row>
  </virt_agents>
  <virt_nodes>
    <row>
      <vname>pnode-0005</vname>
      <type>container0</type>
      <ips>0:10.1.6.3</ips>
      <osname>UB1404-64-STD-openvz</osname>
      <cmd_line></cmd_line>
      <rpms></rpms>
      <startupcmd></startupcmd>
      <tarfiles></tarfiles>
      <failureaction>nonfatal</failureaction>
      <routertype>static</routertype>
      <fixed></fixed>
      <plab_plcnet>none</plab_plcnet>
    </row>
  </virt_nodes>
  <virt_agents>
    <row>
      <vnode>pnode-0005</vnode>
      <vname>pnode-0005</vname>
      <objecttype>10</objecttype>
    </row>
  </virt_agents>
  <virt_nodes>
    <row>
      <vname>pnode-0006</vname>
      <type>container0</type>
      <ips>0:10.1.2.3</ips>
      <osname>UB1404-64-STD-openvz</osname>
      <cmd_line></cmd_line>
      <rpms></rpms>
      <startupcmd></startupcmd>
      <tarfiles></tarfiles>
      <failureaction>nonfatal</failureaction>
      <routertype>static</routertype>
      <fixed></fixed>
      <plab_plcnet>none</plab_plcnet>
    </row>
  </virt_nodes>
  <virt_agents>
    <row>
      <vnode>pnode-0006</vnode>
      <vname>pnode-0006</vname>
      <objecttype>10</objecttype>
    </row>
  </virt_agents>
  <virt_nodes>
    <row>
      <vname>vrouter</vname>
      <type>dl380g3</type>
      <ips>0:10.1.5.3 1:10.1.8.3 2:10.1.1.2</ips>
      <osname>Ubuntu1404-64-STD</osname>
      <cmd_line></cmd_line>
      <rpms></rpms>
      <startupcmd></startupcmd>
      <tarfiles></tarfiles>
      <failureaction>nonfatal</failureaction>
      <routertype>static</routertype>
      <fixed></fixed>
      <plab_plcnet>none</plab_plcnet>
    </row>
  </virt_nodes>
  <virt_agents>
    <row>
      <vnode>vrouter</vnode>
      <vname>vrouter</vname>
      <objecttype>10</objecttype>
    </row>
  </virt_agents>
  <virt_lan_lans>
    <row>
      <vname>phys0008</vname>
    </row>
  </virt_lan_lans>
  <virt_lans>
    <row>
      <vname>phys0008</vname>
      <member>vrouter:2</member>
      <mask>255.255.255.0</mask>
      <delay>0.0</delay>
      <rdelay>0.0</rdelay>
      <bandwidth>1000000</bandwidth>
      <rbandwidth>1000000</rbandwidth>
      <backfill>0</backfill>
      <rbackfill>0</rbackfill>
      <lossrate>0</lossrate>
      <rlossrate>0</rlossrate>
      <cost>1</cost>
      <widearea>0</widearea>
      <emulated>0</emulated>
      <uselinkdelay>0</uselinkdelay>
      <nobwshaping>0</nobwshaping>
      <encap_style>default</encap_style>
      <q_limit>100</q_limit>
      <q_maxthresh>15</q_maxthresh>
      <q_minthresh>5</q_minthresh>
      <q_weight>0.002</q_weight>
      <q_linterm>10</q_linterm>
      <q_qinbytes>0</q_qinbytes>
      <q_bytes>0</q_bytes>
      <q_meanpsize>500</q_meanpsize>
      <q_wait>1</q_wait>
      <q_setbit>0</q_setbit>
      <q_droptail>1</q_droptail>
      <q_red>0</q_red>
      <q_gentle>0</q_gentle>
      <trivial_ok>1</trivial_ok>
      <protocol>ethernet</protocol>
      <is_accesspoint>0</is_accesspoint>
      <vnode>vrouter</vnode>
      <vport>2</vport>
      <ip>10.1.1.2</ip>
      <mustdelay>0</mustdelay>
    </row>
  </virt_lans>
  <virt_lans>
    <row>
      <vname>phys0008</vname>
      <member>crypto1:1</member>
      <mask>255.255.255.0</mask>
      <delay>0.0</delay>
      <rdelay>0.0</rdelay>
      <bandwidth>1000000</bandwidth>
      <rbandwidth>1000000</rbandwidth>
      <backfill>0</backfill>
      <rbackfill>0</rbackfill>
      <lossrate>0</lossrate>
      <rlossrate>0</rlossrate>
      <cost>1</cost>
      <widearea>0</widearea>
      <emulated>0</emulated>
      <uselinkdelay>0</uselinkdelay>
      <nobwshaping>0</nobwshaping>
      <encap_style>default</encap_style>
      <q_limit>100</q_limit>
      <q_maxthresh>15</q_maxthresh>
      <q_minthresh>5</q_minthresh>
      <q_weight>0.002</q_weight>
      <q_linterm>10</q_linterm>
      <q_qinbytes>0</q_qinbytes>
      <q_bytes>0</q_bytes>
      <q_meanpsize>500</q_meanpsize>
      <q_wait>1</q_wait>
      <q_setbit>0</q_setbit>
      <q_droptail>1</q_droptail>
      <q_red>0</q_red>
      <q_gentle>0</q_gentle>
      <trivial_ok>1</trivial_ok>
      <protocol>ethernet</protocol>
      <is_accesspoint>0</is_accesspoint>
      <vnode>crypto1</vnode>
      <vport>1</vport>
      <ip>10.1.1.3</ip>
      <mustdelay>0</mustdelay>
    </row>
  </virt_lans>
  <virt_lan_lans>
    <row>
      <vname>phys0004</vname>
    </row>
  </virt_lan_lans>
  <virt_lans>
    <row>
      <vname>phys0004</vname>
      <member>ct3:1</member>
      <mask>255.255.255.0</mask>
      <delay>0.0</delay>
      <rdelay>0.0</rdelay>
      <bandwidth>1000000</bandwidth>
      <rbandwidth>1000000</rbandwidth>
      <backfill>0</backfill>
      <rbackfill>0</rbackfill>
      <lossrate>0</lossrate>
      <rlossrate>0</rlossrate>
      <cost>1</cost>
      <widearea>0</widearea>
      <emulated>0</emulated>
      <uselinkdelay>0</uselinkdelay>
      <nobwshaping>0</nobwshaping>
      <encap_style>default</encap_style>
      <q_limit>100</q_limit>
      <q_maxthresh>15</q_maxthresh>
      <q_minthresh>5</q_minthresh>
      <q_weight>0.002</q_weight>
      <q_linterm>10</q_linterm>
      <q_qinbytes>0</q_qinbytes>
      <q_bytes>0</q_bytes>
      <q_meanpsize>500</q_meanpsize>
      <q_wait>1</q_wait>
      <q_setbit>0</q_setbit>
      <q_droptail>1</q_droptail>
      <q_red>0</q_red>
      <q_gentle>0</q_gentle>
      <trivial_ok>1</trivial_ok>
      <protocol>ethernet</protocol>
      <is_accesspoint>0</is_accesspoint>
      <vnode>ct3</vnode>
      <vport>1</vport>
      <ip>10.1.2.2</ip>
      <mustdelay>0</mustdelay>
    </row>
  </virt_lans>
  <virt_lans>
    <row>
      <vname>phys0004</vname>
      <member>pnode-0006:0</member>
      <mask>255.255.255.0</mask>
      <delay>0.0</delay>
      <rdelay>0.0</rdelay>
      <bandwidth>1000000</bandwidth>
      <rbandwidth>1000000</rbandwidth>
      <backfill>0</backfill>
      <rbackfill>0</rbackfill>
      <lossrate>0</lossrate>
      <rlossrate>0</rlossrate>
      <cost>1</cost>
      <widearea>0</widearea>
      <emulated>0</emulated>
      <uselinkdelay>0</uselinkdelay>
      <nobwshaping>0</nobwshaping>
      <encap_style>default</encap_style>
      <q_limit>100</q_limit>
      <q_maxthresh>15</q_maxthresh>
      <q_minthresh>5</q_minthresh>
      <q_weight>0.002</q_weight>
      <q_linterm>10</q_linterm>
      <q_qinbytes>0</q_qinbytes>
      <q_bytes>0</q_bytes>
      <q_meanpsize>500</q_meanpsize>
      <q_wait>1</q_wait>
      <q_setbit>0</q_setbit>
      <q_droptail>1</q_droptail>
      <q_red>0</q_red>
      <q_gentle>0</q_gentle>
      <trivial_ok>1</trivial_ok>
      <protocol>ethernet</protocol>
      <is_accesspoint>0</is_accesspoint>
      <vnode>pnode-0006</vnode>
      <vport>0</vport>
      <ip>10.1.2.3</ip>
      <mustdelay>0</mustdelay>
    </row>
  </virt_lans>
  <virt_lan_lans>
    <row>
      <vname>phys0000</vname>
    </row>
  </virt_lan_lans>
  <virt_lans>
    <row>
      <vname>phys0000</vname>
      <member>ct1:0</member>
      <mask>255.255.255.0</mask>
      <delay>0.0</delay>
      <rdelay>0.0</rdelay>
      <bandwidth>1000000</bandwidth>
      <rbandwidth>1000000</rbandwidth>
      <backfill>0</backfill>
      <rbackfill>0</rbackfill>
      <lossrate>0</lossrate>
      <rlossrate>0</rlossrate>
      <cost>1</cost>
      <widearea>0</widearea>
      <emulated>0</emulated>
      <uselinkdelay>0</uselinkdelay>
      <nobwshaping>0</nobwshaping>
      <encap_style>default</encap_style>
      <q_limit>100</q_limit>
      <q_maxthresh>15</q_maxthresh>
      <q_minthresh>5</q_minthresh>
      <q_weight>0.002</q_weight>
      <q_linterm>10</q_linterm>
      <q_qinbytes>0</q_qinbytes>
      <q_bytes>0</q_bytes>
      <q_meanpsize>500</q_meanpsize>
      <q_wait>1</q_wait>
      <q_setbit>0</q_setbit>
      <q_droptail>1</q_droptail>
      <q_red>0</q_red>
      <q_gentle>0</q_gentle>
      <trivial_ok>1</trivial_ok>
      <protocol>ethernet</protocol>
      <is_accesspoint>0</is_accesspoint>
      <vnode>ct1</vnode>
      <vport>0</vport>
      <ip>10.1.3.2</ip>
      <mustdelay>0</mustdelay>
    </row>
  </virt_lans>
  <virt_lans>
    <row>
      <vname>phys0000</vname>
      <member>crypto1:0</member>
      <mask>255.255.255.0</mask>
      <delay>0.0</delay>
      <rdelay>0.0</rdelay>
      <bandwidth>1000000</bandwidth>
      <rbandwidth>1000000</rbandwidth>
      <backfill>0</backfill>
      <rbackfill>0</rbackfill>
      <lossrate>0</lossrate>
      <rlossrate>0</rlossrate>
      <cost>1</cost>
      <widearea>0</widearea>
      <emulated>0</emulated>
      <uselinkdelay>0</uselinkdelay>
      <nobwshaping>0</nobwshaping>
      <encap_style>default</encap_style>
      <q_limit>100</q_limit>
      <q_maxthresh>15</q_maxthresh>
      <q_minthresh>5</q_minthresh>
      <q_weight>0.002</q_weight>
      <q_linterm>10</q_linterm>
      <q_qinbytes>0</q_qinbytes>
      <q_bytes>0</q_bytes>
      <q_meanpsize>500</q_meanpsize>
      <q_wait>1</q_wait>
      <q_setbit>0</q_setbit>
      <q_droptail>1</q_droptail>
      <q_red>0</q_red>
      <q_gentle>0</q_gentle>
      <trivial_ok>1</trivial_ok>
      <protocol>ethernet</protocol>
      <is_accesspoint>0</is_accesspoint>
      <vnode>crypto1</vnode>
      <vport>0</vport>
      <ip>10.1.3.3</ip>
      <mustdelay>0</mustdelay>
    </row>
  </virt_lans>
  <virt_lan_lans>
    <row>
      <vname>phys0005</vname>
    </row>
  </virt_lan_lans>
  <virt_lans>
    <row>
      <vname>phys0005</vname>
      <member>ct2:1</member>
      <mask>255.255.255.0</mask>
      <delay>0.0</delay>
      <rdelay>0.0</rdelay>
      <bandwidth>1000000</bandwidth>
      <rbandwidth>1000000</rbandwidth>
      <backfill>0</backfill>
      <rbackfill>0</rbackfill>
      <lossrate>0</lossrate>
      <rlossrate>0</rlossrate>
      <cost>1</cost>
      <widearea>0</widearea>
      <emulated>0</emulated>
      <uselinkdelay>0</uselinkdelay>
      <nobwshaping>0</nobwshaping>
      <encap_style>default</encap_style>
      <q_limit>100</q_limit>
      <q_maxthresh>15</q_maxthresh>
      <q_minthresh>5</q_minthresh>
      <q_weight>0.002</q_weight>
      <q_linterm>10</q_linterm>
      <q_qinbytes>0</q_qinbytes>
      <q_bytes>0</q_bytes>
      <q_meanpsize>500</q_meanpsize>
      <q_wait>1</q_wait>
      <q_setbit>0</q_setbit>
      <q_droptail>1</q_droptail>
      <q_red>0</q_red>
      <q_gentle>0</q_gentle>
      <trivial_ok>1</trivial_ok>
      <protocol>ethernet</protocol>
      <is_accesspoint>0</is_accesspoint>
      <vnode>ct2</vnode>
      <vport>1</vport>
      <ip>10.1.4.2</ip>
      <mustdelay>0</mustdelay>
    </row>
  </virt_lans>
  <virt_lans>
    <row>
      <vname>phys0005</vname>
      <member>pnode-0004:0</member>
      <mask>255.255.255.0</mask>
      <delay>0.0</delay>
      <rdelay>0.0</rdelay>
      <bandwidth>1000000</bandwidth>
      <rbandwidth>1000000</rbandwidth>
      <backfill>0</backfill>
      <rbackfill>0</rbackfill>
      <lossrate>0</lossrate>
      <rlossrate>0</rlossrate>
      <cost>1</cost>
      <widearea>0</widearea>
      <emulated>0</emulated>
      <uselinkdelay>0</uselinkdelay>
      <nobwshaping>0</nobwshaping>
      <encap_style>default</encap_style>
      <q_limit>100</q_limit>
      <q_maxthresh>15</q_maxthresh>
      <q_minthresh>5</q_minthresh>
      <q_weight>0.002</q_weight>
      <q_linterm>10</q_linterm>
      <q_qinbytes>0</q_qinbytes>
      <q_bytes>0</q_bytes>
      <q_meanpsize>500</q_meanpsize>
      <q_wait>1</q_wait>
      <q_setbit>0</q_setbit>
      <q_droptail>1</q_droptail>
      <q_red>0</q_red>
      <q_gentle>0</q_gentle>
      <trivial_ok>1</trivial_ok>
      <protocol>ethernet</protocol>
      <is_accesspoint>0</is_accesspoint>
      <vnode>pnode-0004</vnode>
      <vport>0</vport>
      <ip>10.1.4.3</ip>
      <mustdelay>0</mustdelay>
    </row>
  </virt_lans>
  <virt_lan_lans>
    <row>
      <vname>phys0001</vname>
    </row>
  </virt_lan_lans>
  <virt_lans>
    <row>
      <vname>phys0001</vname>
      <member>crypto3:0</member>
      <mask>255.255.255.0</mask>
      <delay>0.0</delay>
      <rdelay>0.0</rdelay>
      <bandwidth>1000000</bandwidth>
      <rbandwidth>1000000</rbandwidth>
      <backfill>0</backfill>
      <rbackfill>0</rbackfill>
      <lossrate>0</lossrate>
      <rlossrate>0</rlossrate>
      <cost>1</cost>
      <widearea>0</widearea>
      <emulated>0</emulated>
      <uselinkdelay>0</uselinkdelay>
      <nobwshaping>0</nobwshaping>
      <encap_style>default</encap_style>
      <q_limit>100</q_limit>
      <q_maxthresh>15</q_maxthresh>
      <q_minthresh>5</q_minthresh>
      <q_weight>0.002</q_weight>
      <q_linterm>10</q_linterm>
      <q_qinbytes>0</q_qinbytes>
      <q_bytes>0</q_bytes>
      <q_meanpsize>500</q_meanpsize>
      <q_wait>1</q_wait>
      <q_setbit>0</q_setbit>
      <q_droptail>1</q_droptail>
      <q_red>0</q_red>
      <q_gentle>0</q_gentle>
      <trivial_ok>1</trivial_ok>
      <protocol>ethernet</protocol>
      <is_accesspoint>0</is_accesspoint>
      <vnode>crypto3</vnode>
      <vport>0</vport>
      <ip>10.1.5.2</ip>
      <mustdelay>0</mustdelay>
    </row>
  </virt_lans>
  <virt_lans>
    <row>
      <vname>phys0001</vname>
      <member>vrouter:0</member>
      <mask>255.255.255.0</mask>
      <delay>0.0</delay>
      <rdelay>0.0</rdelay>
      <bandwidth>1000000</bandwidth>
      <rbandwidth>1000000</rbandwidth>
      <backfill>0</backfill>
      <rbackfill>0</rbackfill>
      <lossrate>0</lossrate>
      <rlossrate>0</rlossrate>
      <cost>1</cost>
      <widearea>0</widearea>
      <emulated>0</emulated>
      <uselinkdelay>0</uselinkdelay>
      <nobwshaping>0</nobwshaping>
      <encap_style>default</encap_style>
      <q_limit>100</q_limit>
      <q_maxthresh>15</q_maxthresh>
      <q_minthresh>5</q_minthresh>
      <q_weight>0.002</q_weight>
      <q_linterm>10</q_linterm>
      <q_qinbytes>0</q_qinbytes>
      <q_bytes>0</q_bytes>
      <q_meanpsize>500</q_meanpsize>
      <q_wait>1</q_wait>
      <q_setbit>0</q_setbit>
      <q_droptail>1</q_droptail>
      <q_red>0</q_red>
      <q_gentle>0</q_gentle>
      <trivial_ok>1</trivial_ok>
      <protocol>ethernet</protocol>
      <is_accesspoint>0</is_accesspoint>
      <vnode>vrouter</vnode>
      <vport>0</vport>
      <ip>10.1.5.3</ip>
      <mustdelay>0</mustdelay>
    </row>
  </virt_lans>
  <virt_lan_lans>
    <row>
      <vname>phys0006</vname>
    </row>
  </virt_lan_lans>
  <virt_lans>
    <row>
      <vname>phys0006</vname>
      <member>ct1:1</member>
      <mask>255.255.255.0</mask>
      <delay>0.0</delay>
      <rdelay>0.0</rdelay>
      <bandwidth>1000000</bandwidth>
      <rbandwidth>1000000</rbandwidth>
      <backfill>0</backfill>
      <rbackfill>0</rbackfill>
      <lossrate>0</lossrate>
      <rlossrate>0</rlossrate>
      <cost>1</cost>
      <widearea>0</widearea>
      <emulated>0</emulated>
      <uselinkdelay>0</uselinkdelay>
      <nobwshaping>0</nobwshaping>
      <encap_style>default</encap_style>
      <q_limit>100</q_limit>
      <q_maxthresh>15</q_maxthresh>
      <q_minthresh>5</q_minthresh>
      <q_weight>0.002</q_weight>
      <q_linterm>10</q_linterm>
      <q_qinbytes>0</q_qinbytes>
      <q_bytes>0</q_bytes>
      <q_meanpsize>500</q_meanpsize>
      <q_wait>1</q_wait>
      <q_setbit>0</q_setbit>
      <q_droptail>1</q_droptail>
      <q_red>0</q_red>
      <q_gentle>0</q_gentle>
      <trivial_ok>1</trivial_ok>
      <protocol>ethernet</protocol>
      <is_accesspoint>0</is_accesspoint>
      <vnode>ct1</vnode>
      <vport>1</vport>
      <ip>10.1.6.2</ip>
      <mustdelay>0</mustdelay>
    </row>
  </virt_lans>
  <virt_lans>
    <row>
      <vname>phys0006</vname>
      <member>pnode-0005:0</member>
      <mask>255.255.255.0</mask>
      <delay>0.0</delay>
      <rdelay>0.0</rdelay>
      <bandwidth>1000000</bandwidth>
      <rbandwidth>1000000</rbandwidth>
      <backfill>0</backfill>
      <rbackfill>0</rbackfill>
      <lossrate>0</lossrate>
      <rlossrate>0</rlossrate>
      <cost>1</cost>
      <widearea>0</widearea>
      <emulated>0</emulated>
      <uselinkdelay>0</uselinkdelay>
      <nobwshaping>0</nobwshaping>
      <encap_style>default</encap_style>
      <q_limit>100</q_limit>
      <q_maxthresh>15</q_maxthresh>
      <q_minthresh>5</q_minthresh>
      <q_weight>0.002</q_weight>
      <q_linterm>10</q_linterm>
      <q_qinbytes>0</q_qinbytes>
      <q_bytes>0</q_bytes>
      <q_meanpsize>500</q_meanpsize>
      <q_wait>1</q_wait>
      <q_setbit>0</q_setbit>
      <q_droptail>1</q_droptail>
      <q_red>0</q_red>
      <q_gentle>0</q_gentle>
      <trivial_ok>1</trivial_ok>
      <protocol>ethernet</protocol>
      <is_accesspoint>0</is_accesspoint>
      <vnode>pnode-0005</vnode>
      <vport>0</vport>
      <ip>10.1.6.3</ip>
      <mustdelay>0</mustdelay>
    </row>
  </virt_lans>
  <virt_lan_lans>
    <row>
      <vname>phys0002</vname>
    </row>
  </virt_lan_lans>
  <virt_lans>
    <row>
      <vname>phys0002</vname>
      <member>ct3:0</member>
      <mask>255.255.255.0</mask>
      <delay>0.0</delay>
      <rdelay>0.0</rdelay>
      <bandwidth>1000000</bandwidth>
      <rbandwidth>1000000</rbandwidth>
      <backfill>0</backfill>
      <rbackfill>0</rbackfill>
      <lossrate>0</lossrate>
      <rlossrate>0</rlossrate>
      <cost>1</cost>
      <widearea>0</widearea>
      <emulated>0</emulated>
      <uselinkdelay>0</uselinkdelay>
      <nobwshaping>0</nobwshaping>
      <encap_style>default</encap_style>
      <q_limit>100</q_limit>
      <q_maxthresh>15</q_maxthresh>
      <q_minthresh>5</q_minthresh>
      <q_weight>0.002</q_weight>
      <q_linterm>10</q_linterm>
      <q_qinbytes>0</q_qinbytes>
      <q_bytes>0</q_bytes>
      <q_meanpsize>500</q_meanpsize>
      <q_wait>1</q_wait>
      <q_setbit>0</q_setbit>
      <q_droptail>1</q_droptail>
      <q_red>0</q_red>
      <q_gentle>0</q_gentle>
      <trivial_ok>1</trivial_ok>
      <protocol>ethernet</protocol>
      <is_accesspoint>0</is_accesspoint>
      <vnode>ct3</vnode>
      <vport>0</vport>
      <ip>10.1.7.2</ip>
      <mustdelay>0</mustdelay>
    </row>
  </virt_lans>
  <virt_lans>
    <row>
      <vname>phys0002</vname>
      <member>crypto3:1</member>
      <mask>255.255.255.0</mask>
      <delay>0.0</delay>
      <rdelay>0.0</rdelay>
      <bandwidth>1000000</bandwidth>
      <rbandwidth>1000000</rbandwidth>
      <backfill>0</backfill>
      <rbackfill>0</rbackfill>
      <lossrate>0</lossrate>
      <rlossrate>0</rlossrate>
      <cost>1</cost>
      <widearea>0</widearea>
      <emulated>0</emulated>
      <uselinkdelay>0</uselinkdelay>
      <nobwshaping>0</nobwshaping>
      <encap_style>default</encap_style>
      <q_limit>100</q_limit>
      <q_maxthresh>15</q_maxthresh>
      <q_minthresh>5</q_minthresh>
      <q_weight>0.002</q_weight>
      <q_linterm>10</q_linterm>
      <q_qinbytes>0</q_qinbytes>
      <q_bytes>0</q_bytes>
      <q_meanpsize>500</q_meanpsize>
      <q_wait>1</q_wait>
      <q_setbit>0</q_setbit>
      <q_droptail>1</q_droptail>
      <q_red>0</q_red>
      <q_gentle>0</q_gentle>
      <trivial_ok>1</trivial_ok>
      <protocol>ethernet</protocol>
      <is_accesspoint>0</is_accesspoint>
      <vnode>crypto3</vnode>
      <vport>1</vport>
      <ip>10.1.7.3</ip>
      <mustdelay>0</mustdelay>
    </row>
  </virt_lans>
  <virt_lan_lans>
    <row>
      <vname>phys0007</vname>
    </row>
  </virt_lan_lans>
  <virt_lans>
    <row>
      <vname>phys0007</vname>
      <member>crypto2:1</member>
      <mask>255.255.255.0</mask>
      <delay>0.0</delay>
      <rdelay>0.0</rdelay>
      <bandwidth>1000000</bandwidth>
      <rbandwidth>1000000</rbandwidth>
      <backfill>0</backfill>
      <rbackfill>0</rbackfill>
      <lossrate>0</lossrate>
      <rlossrate>0</rlossrate>
      <cost>1</cost>
      <widearea>0</widearea>
      <emulated>0</emulated>
      <uselinkdelay>0</uselinkdelay>
      <nobwshaping>0</nobwshaping>
      <encap_style>default</encap_style>
      <q_limit>100</q_limit>
      <q_maxthresh>15</q_maxthresh>
      <q_minthresh>5</q_minthresh>
      <q_weight>0.002</q_weight>
      <q_linterm>10</q_linterm>
      <q_qinbytes>0</q_qinbytes>
      <q_bytes>0</q_bytes>
      <q_meanpsize>500</q_meanpsize>
      <q_wait>1</q_wait>
      <q_setbit>0</q_setbit>
      <q_droptail>1</q_droptail>
      <q_red>0</q_red>
      <q_gentle>0</q_gentle>
      <trivial_ok>1</trivial_ok>
      <protocol>ethernet</protocol>
      <is_accesspoint>0</is_accesspoint>
      <vnode>crypto2</vnode>
      <vport>1</vport>
      <ip>10.1.8.2</ip>
      <mustdelay>0</mustdelay>
    </row>
  </virt_lans>
  <virt_lans>
    <row>
      <vname>phys0007</vname>
      <member>vrouter:1</member>
      <mask>255.255.255.0</mask>
      <delay>0.0</delay>
      <rdelay>0.0</rdelay>
      <bandwidth>1000000</bandwidth>
      <rbandwidth>1000000</rbandwidth>
      <backfill>0</backfill>
      <rbackfill>0</rbackfill>
      <lossrate>0</lossrate>
      <rlossrate>0</rlossrate>
      <cost>1</cost>
      <widearea>0</widearea>
      <emulated>0</emulated>
      <uselinkdelay>0</uselinkdelay>
      <nobwshaping>0</nobwshaping>
      <encap_style>default</encap_style>
      <q_limit>100</q_limit>
      <q_maxthresh>15</q_maxthresh>
      <q_minthresh>5</q_minthresh>
      <q_weight>0.002</q_weight>
      <q_linterm>10</q_linterm>
      <q_qinbytes>0</q_qinbytes>
      <q_bytes>0</q_bytes>
      <q_meanpsize>500</q_meanpsize>
      <q_wait>1</q_wait>
      <q_setbit>0</q_setbit>
      <q_droptail>1</q_droptail>
      <q_red>0</q_red>
      <q_gentle>0</q_gentle>
      <trivial_ok>1</trivial_ok>
      <protocol>ethernet</protocol>
      <is_accesspoint>0</is_accesspoint>
      <vnode>vrouter</vnode>
      <vport>1</vport>
      <ip>10.1.8.3</ip>
      <mustdelay>0</mustdelay>
    </row>
  </virt_lans>
  <virt_lan_lans>
    <row>
      <vname>phys0003</vname>
    </row>
  </virt_lan_lans>
  <virt_lans>
    <row>
      <vname>phys0003</vname>
      <member>ct2:0</member>
      <mask>255.255.255.0</mask>
      <delay>0.0</delay>
      <rdelay>0.0</rdelay>
      <bandwidth>1000000</bandwidth>
      <rbandwidth>1000000</rbandwidth>
      <backfill>0</backfill>
      <rbackfill>0</rbackfill>
      <lossrate>0</lossrate>
      <rlossrate>0</rlossrate>
      <cost>1</cost>
      <widearea>0</widearea>
      <emulated>0</emulated>
      <uselinkdelay>0</uselinkdelay>
      <nobwshaping>0</nobwshaping>
      <encap_style>default</encap_style>
      <q_limit>100</q_limit>
      <q_maxthresh>15</q_maxthresh>
      <q_minthresh>5</q_minthresh>
      <q_weight>0.002</q_weight>
      <q_linterm>10</q_linterm>
      <q_qinbytes>0</q_qinbytes>
      <q_bytes>0</q_bytes>
      <q_meanpsize>500</q_meanpsize>
      <q_wait>1</q_wait>
      <q_setbit>0</q_setbit>
      <q_droptail>1</q_droptail>
      <q_red>0</q_red>
      <q_gentle>0</q_gentle>
      <trivial_ok>1</trivial_ok>
      <protocol>ethernet</protocol>
      <is_accesspoint>0</is_accesspoint>
      <vnode>ct2</vnode>
      <vport>0</vport>
      <ip>10.1.9.2</ip>
      <mustdelay>0</mustdelay>
    </row>
  </virt_lans>
  <virt_lans>
    <row>
      <vname>phys0003</vname>
      <member>crypto2:0</member>
      <mask>255.255.255.0</mask>
      <delay>0.0</delay>
      <rdelay>0.0</rdelay>
      <bandwidth>1000000</bandwidth>
      <rbandwidth>1000000</rbandwidth>
      <backfill>0</backfill>
      <rbackfill>0</rbackfill>
      <lossrate>0</lossrate>
      <rlossrate>0</rlossrate>
      <cost>1</cost>
      <widearea>0</widearea>
      <emulated>0</emulated>
      <uselinkdelay>0</uselinkdelay>
      <nobwshaping>0</nobwshaping>
      <encap_style>default</encap_style>
      <q_limit>100</q_limit>
      <q_maxthresh>15</q_maxthresh>
      <q_minthresh>5</q_minthresh>
      <q_weight>0.002</q_weight>
      <q_linterm>10</q_linterm>
      <q_qinbytes>0</q_qinbytes>
      <q_bytes>0</q_bytes>
      <q_meanpsize>500</q_meanpsize>
      <q_wait>1</q_wait>
      <q_setbit>0</q_setbit>
      <q_droptail>1</q_droptail>
      <q_red>0</q_red>
      <q_gentle>0</q_gentle>
      <trivial_ok>1</trivial_ok>
      <protocol>ethernet</protocol>
      <is_accesspoint>0</is_accesspoint>
      <vnode>crypto2</vnode>
      <vport>0</vport>
      <ip>10.1.9.3</ip>
      <mustdelay>0</mustdelay>
    </row>
  </virt_lans>
  <virt_vtypes>
    <row>
      <name>container0</name>
      <weight>0.5</weight>
      <members>dl380g3 MicroCloud</members>
    </row>
  </virt_vtypes>
  <virt_programs>
    <row>
      <vnode>vrouter</vnode>
      <vname>vrouter_startcmd</vname>
      <command>(sudo /share/containers_v1.1/setup/hv/bootstrap /proj/DeterTest/exp/smokeGS/containers/site.conf ; /usr/local/etc/emulab/startcmddone $?)</command>
      <dir></dir>
      <timeout></timeout>
      <expected_exit_code></expected_exit_code>
    </row>
  </virt_programs>
  <virt_agents>
    <row>
      <vnode>vrouter</vnode>
      <vname>vrouter_startcmd</vname>
      <objecttype>4</objecttype>
    </row>
  </virt_agents>
  <virt_programs>
    <row>
      <vnode>crypto2</vnode>
      <vname>crypto2_startcmd</vname>
      <command>(sudo /share/containers_v1.1/setup/hv/bootstrap /proj/DeterTest/exp/smokeGS/containers/site.conf ; /usr/local/etc/emulab/startcmddone $?)</command>
      <dir></dir>
      <timeout></timeout>
      <expected_exit_code></expected_exit_code>
    </row>
  </virt_programs>
  <virt_agents>
    <row>
      <vnode>crypto2</vnode>
      <vname>crypto2_startcmd</vname>
      <objecttype>4</objecttype>
    </row>
  </virt_agents>
  <virt_programs>
    <row>
      <vnode>pnode-0004</vnode>
      <vname>pnode-0004_startcmd</vname>
      <command>(sudo /share/containers_v1.1/setup/hv/bootstrap /proj/DeterTest/exp/smokeGS/containers/site.conf ; /usr/local/etc/emulab/startcmddone $?)</command>
      <dir></dir>
      <timeout></timeout>
      <expected_exit_code></expected_exit_code>
    </row>
  </virt_programs>
  <virt_agents>
    <row>
      <vnode>pnode-0004</vnode>
      <vname>pnode-0004_startcmd</vname>
      <objecttype>4</objecttype>
    </row>
  </virt_agents>
  <virt_programs>
    <row>
      <vnode>crypto3</vnode>
      <vname>crypto3_startcmd</vname>
      <command>(sudo /share/containers_v1.1/setup/hv/bootstrap /proj/DeterTest/exp/smokeGS/containers/site.conf ; /usr/local/etc/emulab/startcmddone $?)</command>
      <dir></dir>
      <timeout></timeout>
      <expected_exit_code></expected_exit_code>
    </row>
  </virt_programs>
  <virt_agents>
    <row>
      <vnode>crypto3</vnode>
      <vname>crypto3_startcmd</vname>
      <objecttype>4</objecttype>
    </row>
  </virt_agents>
  <virt_programs>
    <row>
      <vnode>pnode-0005</vnode>
      <vname>pnode-0005_startcmd</vname>
      <command>(sudo /share/containers_v1.1/setup/hv/bootstrap /proj/DeterTest/exp/smokeGS/containers/site.conf ; /usr/local/etc/emulab/startcmddone $?)</command>
      <dir></dir>
      <timeout></timeout>
      <expected_exit_code></expected_exit_code>
    </row>
  </virt_programs>
  <virt_agents>
    <row>
      <vnode>pnode-0005</vnode>
      <vname>pnode-0005_startcmd</vname>
      <objecttype>4</objecttype>
    </row>
  </virt_agents>
  <virt_programs>
    <row>
      <vnode>ct1</vnode>
      <vname>ct1_startcmd</vname>
      <command>(sudo /share/containers_v1.1/setup/hv/bootstrap /proj/DeterTest/exp/smokeGS/containers/site.conf ; /usr/local/etc/emulab/startcmddone $?)</command>
      <dir></dir>
      <timeout></timeout>
      <expected_exit_code></expected_exit_code>
    </row>
  </virt_programs>
  <virt_agents>
    <row>
      <vnode>ct1</vnode>
      <vname>ct1_startcmd</vname>
      <objecttype>4</objecttype>
    </row>
  </virt_agents>
  <virt_programs>
    <row>
      <vnode>pnode-0006</vnode>
      <vname>pnode-0006_startcmd</vname>
      <command>(sudo /share/containers_v1.1/setup/hv/bootstrap /proj/DeterTest/exp/smokeGS/containers/site.conf ; /usr/local/etc/emulab/startcmddone $?)</command>
      <dir></dir>
      <timeout></timeout>
      <expected_exit_code></expected_exit_code>
    </row>
  </virt_programs>
  <virt_agents>
    <row>
      <vnode>pnode-0006</vnode>
      <vname>pnode-0006_startcmd</vname>
      <objecttype>4</objecttype>
    </row>
  </virt_agents>
  <virt_programs>
    <row>
      <vnode>ct2</vnode>
      <vname>ct2_startcmd</vname>
      <command>(sudo /share/containers_v1.1/setup/hv/bootstrap /proj/DeterTest/exp/smokeGS/containers/site.conf ; /usr/local/etc/emulab/startcmddone $?)</command>
      <dir></dir>
      <timeout></timeout>
      <expected_exit_code></expected_exit_code>
    </row>
  </virt_programs>
  <virt_agents>
    <row>
      <vnode>ct2</vnode>
      <vname>ct2_startcmd</vname>
      <objecttype>4</objecttype>
    </row>
  </virt_agents>
  <virt_programs>
    <row>
      <vnode>control</vnode>
      <vname>control_startcmd</vname>
      <command>(sudo /share/containers_v1.1/setup/hv/bootstrap /proj/DeterTest/exp/smokeGS/containers/site.conf ; /usr/local/etc/emulab/startcmddone $?)</command>
      <dir></dir>
      <timeout></timeout>
      <expected_exit_code></expected_exit_code>
    </row>
  </virt_programs>
  <virt_agents>
    <row>
      <vnode>control</vnode>
      <vname>control_startcmd</vname>
      <objecttype>4</objecttype>
    </row>
  </virt_agents>
  <virt_programs>
    <row>
      <vnode>crypto1</vnode>
      <vname>crypto1_startcmd</vname>
      <command>(sudo /share/containers_v1.1/setup/hv/bootstrap /proj/DeterTest/exp/smokeGS/containers/site.conf ; /usr/local/etc/emulab/startcmddone $?)</command>
      <dir></dir>
      <timeout></timeout>
      <expected_exit_code></expected_exit_code>
    </row>
  </virt_programs>
  <virt_agents>
    <row>
      <vnode>crypto1</vnode>
      <vname>crypto1_startcmd</vname>
      <objecttype>4</objecttype>
    </row>
  </virt_agents>
  <virt_programs>
    <row>
      <vnode>ct3</vnode>
      <vname>ct3_startcmd</vname>
      <command>(sudo /share/containers_v1.1/setup/hv/bootstrap /proj/DeterTest/exp/smokeGS/containers/site.conf ; /usr/local/etc/emulab/startcmddone $?)</command>
      <dir></dir>
      <timeout></timeout>
      <expected_exit_code></expected_exit_code>
    </row>
  </virt_programs>
  <virt_agents>
    <row>
      <vnode>ct3</vnode>
      <vname>ct3_startcmd</vname>
      <objecttype>4</objecttype>
    </row>
  </virt_agents>
  <event_groups>
    <row>
      <group_name>__all_programs</group_name>
      <agent_name>vrouter_startcmd</agent_name>
    </row>
  </event_groups>
  <event_groups>
    <row>
      <group_name>__all_programs</group_name>
      <agent_name>crypto2_startcmd</agent_name>
    </row>
  </event_groups>
  <event_groups>
    <row>
      <group_name>__all_programs</group_name>
      <agent_name>pnode-0004_startcmd</agent_name>
    </row>
  </event_groups>
  <event_groups>
    <row>
      <group_name>__all_programs</group_name>
      <agent_name>crypto3_startcmd</agent_name>
    </row>
  </event_groups>
  <event_groups>
    <row>
      <group_name>__all_programs</group_name>
      <agent_name>pnode-0005_startcmd</agent_name>
    </row>
  </event_groups>
  <event_groups>
    <row>
      <group_name>__all_programs</group_name>
      <agent_name>ct1_startcmd</agent_name>
    </row>
  </event_groups>
  <event_groups>
    <row>
      <group_name>__all_programs</group_name>
      <agent_name>pnode-0006_startcmd</agent_name>
    </row>
  </event_groups>
  <event_groups>
    <row>
      <group_name>__all_programs</group_name>
      <agent_name>ct2_startcmd</agent_name>
    </row>
  </event_groups>
  <event_groups>
    <row>
      <group_name>__all_programs</group_name>
      <agent_name>control_startcmd</agent_name>
    </row>
  </event_groups>
  <event_groups>
    <row>
      <group_name>__all_programs</group_name>
      <agent_name>crypto1_startcmd</agent_name>
    </row>
  </event_groups>
  <event_groups>
    <row>
      <group_name>__all_programs</group_name>
      <agent_name>ct3_startcmd</agent_name>
    </row>
  </event_groups>
  <virt_agents>
    <row>
      <vnode>crypto3</vnode>
      <vname>crypto3-console</vname>
      <objecttype>13</objecttype>
    </row>
  </virt_agents>
  <virt_agents>
    <row>
      <vnode>pnode-0005</vnode>
      <vname>pnode-0005-console</vname>
      <objecttype>13</objecttype>
    </row>
  </virt_agents>
  <virt_agents>
    <row>
      <vnode>ct1</vnode>
      <vname>ct1-console</vname>
      <objecttype>13</objecttype>
    </row>
  </virt_agents>
  <virt_agents>
    <row>
      <vnode>pnode-0006</vnode>
      <vname>pnode-0006-console</vname>
      <objecttype>13</objecttype>
    </row>
  </virt_agents>
  <virt_agents>
    <row>
      <vnode>ct2</vnode>
      <vname>ct2-console</vname>
      <objecttype>13</objecttype>
    </row>
  </virt_agents>
  <virt_agents>
    <row>
      <vnode>control</vnode>
      <vname>control-console</vname>
      <objecttype>13</objecttype>
    </row>
  </virt_agents>
  <virt_agents>
    <row>
      <vnode>crypto1</vnode>
      <vname>crypto1-console</vname>
      <objecttype>13</objecttype>
    </row>
  </virt_agents>
  <virt_agents>
    <row>
      <vnode>ct3</vnode>
      <vname>ct3-console</vname>
      <objecttype>13</objecttype>
    </row>
  </virt_agents>
  <virt_agents>
    <row>
      <vnode>vrouter</vnode>
      <vname>vrouter-console</vname>
      <objecttype>13</objecttype>
    </row>
  </virt_agents>
  <virt_agents>
    <row>
      <vnode>crypto2</vnode>
      <vname>crypto2-console</vname>
      <objecttype>13</objecttype>
    </row>
  </virt_agents>
  <virt_agents>
    <row>
      <vnode>pnode-0004</vnode>
      <vname>pnode-0004-console</vname>
      <objecttype>13</objecttype>
    </row>
  </virt_agents>
  <experiments>
    <row>
      <mem_usage>0</mem_usage>
      <cpu_usage>3</cpu_usage>
      <forcelinkdelays>0</forcelinkdelays>
      <uselinkdelays>0</uselinkdelays>
      <usewatunnels>0</usewatunnels>
      <uselatestwadata>1</uselatestwadata>
      <wa_delay_solverweight>1</wa_delay_solverweight>
      <wa_bw_solverweight>7</wa_bw_solverweight>
      <wa_plr_solverweight>500</wa_plr_solverweight>
      <encap_style>default</encap_style>
      <allowfixnode>1</allowfixnode>
      <sync_server>control</sync_server>
      <use_ipassign>0</use_ipassign>
    </row>
  </experiments>
  <virt_agents>
    <row>
      <vnode>*</vnode>
      <vname>ns</vname>
      <objecttype>6</objecttype>
    </row>
  </virt_agents>
  <virt_agents>
    <row>
      <vnode>*</vnode>
      <vname>linktest</vname>
      <objecttype>7</objecttype>
    </row>
  </virt_agents>
  <virt_agents>
    <row>
      <vnode>*</vnode>
      <vname>slothd</vname>
      <objecttype>9</objecttype>
    </row>
  </virt_agents>
  <eventlist>
    <row>
      <time>0</time>
      <vnode>control</vnode>
      <vname>control_startcmd</vname>
      <objecttype>4</objecttype>
      <eventtype>1</eventtype>
      <arguments>COMMAND=(sudo /share/containers_v1.1/setup/hv/bootstrap /proj/DeterTest/exp/smokeGS/containers/site.conf ; /usr/local/etc/emulab/startcmddone $?)</arguments>
      <atstring></atstring>
    </row>
  </eventlist>
  <eventlist>
    <row>
      <time>0</time>
      <vnode>ct1</vnode>
      <vname>ct1_startcmd</vname>
      <objecttype>4</objecttype>
      <eventtype>1</eventtype>
      <arguments>COMMAND=(sudo /share/containers_v1.1/setup/hv/bootstrap /proj/DeterTest/exp/smokeGS/containers/site.conf ; /usr/local/etc/emulab/startcmddone $?)</arguments>
      <atstring></atstring>
    </row>
  </eventlist>
  <eventlist>
    <row>
      <time>0</time>
      <vnode>ct2</vnode>
      <vname>ct2_startcmd</vname>
      <objecttype>4</objecttype>
      <eventtype>1</eventtype>
      <arguments>COMMAND=(sudo /share/containers_v1.1/setup/hv/bootstrap /proj/DeterTest/exp/smokeGS/containers/site.conf ; /usr/local/etc/emulab/startcmddone $?)</arguments>
      <atstring></atstring>
    </row>
  </eventlist>
  <eventlist>
    <row>
      <time>0</time>
      <vnode>ct3</vnode>
      <vname>ct3_startcmd</vname>
      <objecttype>4</objecttype>
      <eventtype>1</eventtype>
      <arguments>COMMAND=(sudo /share/containers_v1.1/setup/hv/bootstrap /proj/DeterTest/exp/smokeGS/containers/site.conf ; /usr/local/etc/emulab/startcmddone $?)</arguments>
      <atstring></atstring>
    </row>
  </eventlist>
  <eventlist>
    <row>
      <time>0</time>
      <vnode>pnode-0004</vnode>
      <vname>pnode-0004_startcmd</vname>
      <objecttype>4</objecttype>
      <eventtype>1</eventtype>
      <arguments>COMMAND=(sudo /share/containers_v1.1/setup/hv/bootstrap /proj/DeterTest/exp/smokeGS/containers/site.conf ; /usr/local/etc/emulab/startcmddone $?)</arguments>
      <atstring></atstring>
    </row>
  </eventlist>
  <eventlist>
    <row>
      <time>0</time>
      <vnode>pnode-0005</vnode>
      <vname>pnode-0005_startcmd</vname>
      <objecttype>4</objecttype>
      <eventtype>1</eventtype>
      <arguments>COMMAND=(sudo /share/containers_v1.1/setup/hv/bootstrap /proj/DeterTest/exp/smokeGS/containers/site.conf ; /usr/local/etc/emulab/startcmddone $?)</arguments>
      <atstring></atstring>
    </row>
  </eventlist>
  <eventlist>
    <row>
      <time>0</time>
      <vnode>pnode-0006</vnode>
      <vname>pnode-0006_startcmd</vname>
      <objecttype>4</objecttype>
      <eventtype>1</eventtype>
      <arguments>COMMAND=(sudo /share/containers_v1.1/setup/hv/bootstrap /proj/DeterTest/exp/smokeGS/containers/site.conf ; /usr/local/etc/emulab/startcmddone $?)</arguments>
      <atstring></atstring>
    </row>
  </eventlist>
  <eventlist>
    <row>
      <time>0</time>
      <vnode>crypto2</vnode>
      <vname>crypto2_startcmd</vname>
      <objecttype>4</objecttype>
      <eventtype>1</eventtype>
      <arguments>COMMAND=(sudo /share/containers_v1.1/setup/hv/bootstrap /proj/DeterTest/exp/smokeGS/containers/site.conf ; /usr/local/etc/emulab/startcmddone $?)</arguments>
      <atstring></atstring>
    </row>
  </eventlist>
  <eventlist>
    <row>
      <time>0</time>
      <vnode>crypto3</vnode>
      <vname>crypto3_startcmd</vname>
      <objecttype>4</objecttype>
      <eventtype>1</eventtype>
      <arguments>COMMAND=(sudo /share/containers_v1.1/setup/hv/bootstrap /proj/DeterTest/exp/smokeGS/containers/site.conf ; /usr/local/etc/emulab/startcmddone $?)</arguments>
      <atstring></atstring>
    </row>
  </eventlist>
  <eventlist>
    <row>
      <time>0</time>
      <vnode>vrouter</vnode>
      <vname>vrouter_startcmd</vname>
      <objecttype>4</objecttype>
      <eventtype>1</eventtype>
      <arguments>COMMAND=(sudo /share/containers_v1.1/setup/hv/bootstrap /proj/DeterTest/exp/smokeGS/containers/site.conf ; /usr/local/etc/emulab/startcmddone $?)</arguments>
      <atstring></atstring>
    </row>
  </eventlist>
  <eventlist>
    <row>
      <time>0</time>
      <vnode>crypto1</vnode>
      <vname>crypto1_startcmd</vname>
      <objecttype>4</objecttype>
      <eventtype>1</eventtype>
      <arguments>COMMAND=(sudo /share/containers_v1.1/setup/hv/bootstrap /proj/DeterTest/exp/smokeGS/containers/site.conf ; /usr/local/etc/emulab/startcmddone $?)</arguments>
      <atstring></atstring>
    </row>
  </eventlist>
</virtual_experiment>
